<?xml version="1.0" encoding="UTF-8" ?>
<testsuite errors="0" failures="0" hostname="Abankwah" name="edu.harvard.cscie56.MembersControllerSpec" tests="9" time="12.502" timestamp="2013-12-12T02:11:05">
  <properties />
  <testcase classname="edu.harvard.cscie56.MembersControllerSpec" name="Test the index action returns the correct model" time="7.865" />
  <testcase classname="edu.harvard.cscie56.MembersControllerSpec" name="Test the create action returns the correct model" time="0.332" />
  <testcase classname="edu.harvard.cscie56.MembersControllerSpec" name="Test the save action correctly persists an instance" time="2.294" />
  <testcase classname="edu.harvard.cscie56.MembersControllerSpec" name="Test that the show action returns the correct model" time="0.538" />
  <testcase classname="edu.harvard.cscie56.MembersControllerSpec" name="Test the update action performs an update on a valid domain instance" time="0.368" />
  <testcase classname="edu.harvard.cscie56.MembersControllerSpec" name="Test that find view is rendered when the method" time="0.311" />
  <testcase classname="edu.harvard.cscie56.MembersControllerSpec" name="Test Search Phone method" time="0.27" />
  <testcase classname="edu.harvard.cscie56.MembersControllerSpec" name="Test Search Email method" time="0.237" />
  <testcase classname="edu.harvard.cscie56.MembersControllerSpec" name="Test Search Name method" time="0.267" />
  <system-out><![CDATA[--Output from Test the index action returns the correct model--
--Output from Test the create action returns the correct model--
--Output from Test the save action correctly persists an instance--
--Output from Test that the show action returns the correct model--
--Output from Test the update action performs an update on a valid domain instance--
--Output from Test that find view is rendered when the method--
--Output from Test Search Phone method--
--Output from Test Search Email method--
--Output from Test Search Name method--
]]></system-out>
  <system-err><![CDATA[--Output from Test the index action returns the correct model--
--Output from Test the create action returns the correct model--
--Output from Test the save action correctly persists an instance--
--Output from Test that the show action returns the correct model--
--Output from Test the update action performs an update on a valid domain instance--
--Output from Test that find view is rendered when the method--
--Output from Test Search Phone method--
--Output from Test Search Email method--
--Output from Test Search Name method--
]]></system-err>
</testsuite>
