<?xml version="1.0" encoding="UTF-8" ?>
<testsuite errors="0" failures="0" hostname="Abankwah" name="edu.harvard.cscie56.MembersControllerSpec" tests="6" time="11.098" timestamp="2013-12-04T04:16:54">
  <properties />
  <testcase classname="edu.harvard.cscie56.MembersControllerSpec" name="Test the index action returns the correct model" time="7.318" />
  <testcase classname="edu.harvard.cscie56.MembersControllerSpec" name="Test the create action returns the correct model" time="0.343" />
  <testcase classname="edu.harvard.cscie56.MembersControllerSpec" name="Test the save action correctly persists an instance" time="1.908" />
  <testcase classname="edu.harvard.cscie56.MembersControllerSpec" name="Test that the show action returns the correct model" time="1.071" />
  <testcase classname="edu.harvard.cscie56.MembersControllerSpec" name="Test that the edit action returns the correct model" time="0.201" />
  <testcase classname="edu.harvard.cscie56.MembersControllerSpec" name="Test the update action performs an update on a valid domain instance" time="0.241" />
  <system-out><![CDATA[--Output from Test the index action returns the correct model--
--Output from Test the create action returns the correct model--
--Output from Test the save action correctly persists an instance--
--Output from Test that the show action returns the correct model--
--Output from Test that the edit action returns the correct model--
--Output from Test the update action performs an update on a valid domain instance--
]]></system-out>
  <system-err><![CDATA[--Output from Test the index action returns the correct model--
--Output from Test the create action returns the correct model--
--Output from Test the save action correctly persists an instance--
--Output from Test that the show action returns the correct model--
--Output from Test that the edit action returns the correct model--
--Output from Test the update action performs an update on a valid domain instance--
]]></system-err>
</testsuite>
